15.06.2023. 14:00:25 INFO  [AuthenticationController] User admin is logged.
15.06.2023. 14:16:47 INFO  [AuthenticationController] User admin is logged.
15.06.2023. 14:18:34 INFO  [AuthenticationController] User admin is logged.
15.06.2023. 14:19:49 INFO  [AuthenticationController] User admin is logged.
15.06.2023. 14:21:50 ERROR [AuthenticationController] Failed to authenticate user: Bad credentials
15.06.2023. 14:22:06 INFO  [AuthenticationController] User admin is logged.
15.06.2023. 14:22:34 INFO  [AuthenticationController] User admin is logged.
15.06.2023. 14:22:43 INFO  [AuthenticationController] User admin is logged.
15.06.2023. 14:25:00 INFO  [AuthenticationController] User admin is logged.
15.06.2023. 14:25:04 INFO  [SystemAdministratorController] User admin updated password.
15.06.2023. 14:25:12 INFO  [AuthenticationController] User admin is logged.
15.06.2023. 14:25:33 INFO  [AuthenticationController] User asd successfully registered.
15.06.2023. 14:25:46 INFO  [AuthenticationController] User admin is logged.
15.06.2023. 14:26:07 INFO  [AuthenticationController] User admin is logged.
15.06.2023. 14:26:31 INFO  [ProjectController   ] User admin added employee 0 to project 1.
15.06.2023. 14:26:36 INFO  [ProjectController   ] User admin added employee 2 to project 1.
15.06.2023. 14:26:47 INFO  [ProjectController   ] User admin created new project.
15.06.2023. 14:26:53 INFO  [ProjectController   ] User admin added employee 2 to project 2.
15.06.2023. 14:27:24 INFO  [AuthenticationController] Request 1 rejected.
15.06.2023. 14:38:32 INFO  [AuthenticationController] User admin is logged.
15.06.2023. 14:38:37 INFO  [SystemAdministratorController] User admin updated password.
15.06.2023. 14:38:48 INFO  [AuthenticationController] User admin is logged.
15.06.2023. 14:39:49 INFO  [AuthenticationController] User admin is logged.
15.06.2023. 14:48:04 INFO  [AuthenticationController] User admin is logged.
15.06.2023. 14:48:11 INFO  [AuthenticationController] User admin is logged.
15.06.2023. 14:48:17 INFO  [SystemAdministratorController] User admin updated password.
15.06.2023. 14:48:23 INFO  [AuthenticationController] User admin is logged.
15.06.2023. 14:50:52 INFO  [AuthenticationController] User admin is logged.
15.06.2023. 14:50:56 INFO  [SystemAdministratorController] User admin updated password.
15.06.2023. 14:51:05 INFO  [AuthenticationController] User admin is logged.
15.06.2023. 14:51:26 INFO  [AuthenticationController] User admin is logged.
15.06.2023. 14:52:20 INFO  [AuthenticationController] User admin is logged.
